[2025-04-08T06:29:55.786Z] [INFO] [MerchantConfig19234720] : "************************ LOGGING START ************************"
[2025-04-08T06:29:55.797Z] [INFO] [ApiClient995758089] : "Authentication Type : http_signature"
[2025-04-08T06:29:55.797Z] [INFO] [ApiClient995758089] : "Request Type : POST"
[2025-04-08T06:29:55.799Z] [INFO] [ApiClient995758089] : "signatureHeader : keyid=\"b0080e77-aeb0-4fe0-a00a-62fb2f7e4f91\", algorithm=\"HmacSHA256\", headers=\"host date request-target digest v-c-merchant-id\", signature=\"vCnKvCi5/FmqU+mvYMIDAMke8iq2AXF9VbDDHimvN+o=\""
[2025-04-08T06:29:55.799Z] [INFO] [ApiClient995758089] : "digest : SHA-256=d/vo1CXjwrFjjafUgjbNSnl5yirte1Ym6mHIuNPhiqk="
[2025-04-08T06:29:55.799Z] [INFO] [ApiClient995758089] : "v-c-merchant-id : db98954"
[2025-04-08T06:29:55.799Z] [INFO] [ApiClient995758089] : "date : Tue, 08 Apr 2025 06:29:55 GMT"
[2025-04-08T06:29:55.800Z] [INFO] [ApiClient995758089] : "host : api.cybersource.com"
[2025-04-08T06:29:55.800Z] [INFO] [ApiClient995758089] : "signature : keyid=\"b0080e77-aeb0-4fe0-a00a-62fb2f7e4f91\", algorithm=\"HmacSHA256\", headers=\"host date request-target digest v-c-merchant-id\", signature=\"vCnKvCi5/FmqU+mvYMIDAMke8iq2AXF9VbDDHimvN+o=\""
[2025-04-08T06:29:55.800Z] [INFO] [ApiClient995758089] : "User-Agent : Mozilla/5.0"
[2025-04-08T06:29:55.800Z] [INFO] [ApiClient995758089] : "************************  LOGGING END  ************************"
[2025-04-08T06:32:43.526Z] [INFO] [ApiClient558115065] : "Authentication Type : http_signature"
[2025-04-08T06:32:43.526Z] [INFO] [ApiClient558115065] : "Request Type : POST"
[2025-04-08T06:32:43.527Z] [INFO] [ApiClient558115065] : "signatureHeader : keyid=\"b0080e77-aeb0-4fe0-a00a-62fb2f7e4f91\", algorithm=\"HmacSHA256\", headers=\"host date request-target digest v-c-merchant-id\", signature=\"kP9Z7dCdwR269Uw5xbf+5Q+Tq8yPKyTuf5qgTDwmhEU=\""
[2025-04-08T06:32:43.527Z] [INFO] [ApiClient558115065] : "digest : SHA-256=bozS33g/VzeanDJEXiBjdlTeXeuFDpbrslw3vwUMLsY="
[2025-04-08T06:32:43.527Z] [INFO] [ApiClient558115065] : "v-c-merchant-id : db98954"
[2025-04-08T06:32:43.527Z] [INFO] [ApiClient558115065] : "date : Tue, 08 Apr 2025 06:32:43 GMT"
[2025-04-08T06:32:43.527Z] [INFO] [ApiClient558115065] : "host : api.cybersource.com"
[2025-04-08T06:32:43.527Z] [INFO] [ApiClient558115065] : "signature : keyid=\"b0080e77-aeb0-4fe0-a00a-62fb2f7e4f91\", algorithm=\"HmacSHA256\", headers=\"host date request-target digest v-c-merchant-id\", signature=\"kP9Z7dCdwR269Uw5xbf+5Q+Tq8yPKyTuf5qgTDwmhEU=\""
[2025-04-08T06:32:43.527Z] [INFO] [ApiClient558115065] : "User-Agent : Mozilla/5.0"
[2025-04-08T06:32:43.527Z] [INFO] [ApiClient558115065] : "************************  LOGGING END  ************************"
[2025-04-08T06:32:43.524Z] [INFO] [MerchantConfig315574198] : "************************ LOGGING START ************************"
