[2025-04-07T13:19:32.156Z] [INFO] [MerchantConfig916929703] : "************************ LOGGING START ************************"
[2025-04-07T13:19:32.161Z] [INFO] [ApiClient436104819] : "Authentication Type : http_signature"
[2025-04-07T13:19:32.161Z] [INFO] [ApiClient436104819] : "Request Type : POST"
[2025-04-07T13:19:32.161Z] [INFO] [ApiClient436104819] : "signatureHeader : keyid=\"b0080e77-aeb0-4fe0-a00a-62fb2f7e4f91\", algorithm=\"HmacSHA256\", headers=\"host date request-target digest v-c-merchant-id\", signature=\"wDdgHfJqc+LnC6a0SKGv6Pvr7aR/qh7zbWFiLC3DTyQ=\""
[2025-04-07T13:19:32.161Z] [INFO] [ApiClient436104819] : "digest : SHA-256=6M9gYkhT7jeWC6z9ZS19GPV5HUNNa0eA7+sZoCCZznE="
[2025-04-07T13:19:32.161Z] [INFO] [ApiClient436104819] : "v-c-merchant-id : db98954"
[2025-04-07T13:19:32.161Z] [INFO] [ApiClient436104819] : "date : Mon, 07 Apr 2025 13:19:32 GMT"
[2025-04-07T13:19:32.162Z] [INFO] [ApiClient436104819] : "host : api.cybersource.com"
[2025-04-07T13:19:32.162Z] [INFO] [ApiClient436104819] : "signature : keyid=\"b0080e77-aeb0-4fe0-a00a-62fb2f7e4f91\", algorithm=\"HmacSHA256\", headers=\"host date request-target digest v-c-merchant-id\", signature=\"wDdgHfJqc+LnC6a0SKGv6Pvr7aR/qh7zbWFiLC3DTyQ=\""
[2025-04-07T13:19:32.162Z] [INFO] [ApiClient436104819] : "User-Agent : Mozilla/5.0"
[2025-04-07T13:19:32.162Z] [INFO] [ApiClient436104819] : "************************  LOGGING END  ************************"
[2025-04-07T13:20:56.532Z] [INFO] [MerchantConfig770351592] : "************************ LOGGING START ************************"
[2025-04-07T13:20:56.537Z] [INFO] [ApiClient223382359] : "Authentication Type : http_signature"
[2025-04-07T13:20:56.537Z] [INFO] [ApiClient223382359] : "Request Type : POST"
[2025-04-07T13:20:56.537Z] [INFO] [ApiClient223382359] : "signatureHeader : keyid=\"b0080e77-aeb0-4fe0-a00a-62fb2f7e4f91\", algorithm=\"HmacSHA256\", headers=\"host date request-target digest v-c-merchant-id\", signature=\"9CbKi/pLPEsS7mEabQdvmDZXYEg8QJYmVArpWxKMdvU=\""
[2025-04-07T13:20:56.537Z] [INFO] [ApiClient223382359] : "digest : SHA-256=bozS33g/VzeanDJEXiBjdlTeXeuFDpbrslw3vwUMLsY="
[2025-04-07T13:20:56.537Z] [INFO] [ApiClient223382359] : "v-c-merchant-id : db98954"
[2025-04-07T13:20:56.538Z] [INFO] [ApiClient223382359] : "date : Mon, 07 Apr 2025 13:20:56 GMT"
[2025-04-07T13:20:56.538Z] [INFO] [ApiClient223382359] : "host : api.cybersource.com"
[2025-04-07T13:20:56.538Z] [INFO] [ApiClient223382359] : "signature : keyid=\"b0080e77-aeb0-4fe0-a00a-62fb2f7e4f91\", algorithm=\"HmacSHA256\", headers=\"host date request-target digest v-c-merchant-id\", signature=\"9CbKi/pLPEsS7mEabQdvmDZXYEg8QJYmVArpWxKMdvU=\""
[2025-04-07T13:20:56.538Z] [INFO] [ApiClient223382359] : "User-Agent : Mozilla/5.0"
[2025-04-07T13:20:56.538Z] [INFO] [ApiClient223382359] : "************************  LOGGING END  ************************"
[2025-04-07T17:28:02.374Z] [INFO] [MerchantConfig930189993] : "************************ LOGGING START ************************"
[2025-04-07T17:28:02.379Z] [INFO] [ApiClient287151462] : "Authentication Type : http_signature"
[2025-04-07T17:28:02.380Z] [INFO] [ApiClient287151462] : "Request Type : POST"
[2025-04-07T17:28:02.380Z] [INFO] [ApiClient287151462] : "signatureHeader : keyid=\"b0080e77-aeb0-4fe0-a00a-62fb2f7e4f91\", algorithm=\"HmacSHA256\", headers=\"host date request-target digest v-c-merchant-id\", signature=\"tXfMZdoUGXEgI0VlU93fat2CZdaccgmMjNHo3b0G6Wc=\""
[2025-04-07T17:28:02.381Z] [INFO] [ApiClient287151462] : "digest : SHA-256=d/vo1CXjwrFjjafUgjbNSnl5yirte1Ym6mHIuNPhiqk="
[2025-04-07T17:28:02.381Z] [INFO] [ApiClient287151462] : "v-c-merchant-id : db98954"
[2025-04-07T17:28:02.381Z] [INFO] [ApiClient287151462] : "date : Mon, 07 Apr 2025 17:28:02 GMT"
[2025-04-07T17:28:02.381Z] [INFO] [ApiClient287151462] : "host : api.cybersource.com"
[2025-04-07T17:28:02.381Z] [INFO] [ApiClient287151462] : "signature : keyid=\"b0080e77-aeb0-4fe0-a00a-62fb2f7e4f91\", algorithm=\"HmacSHA256\", headers=\"host date request-target digest v-c-merchant-id\", signature=\"tXfMZdoUGXEgI0VlU93fat2CZdaccgmMjNHo3b0G6Wc=\""
[2025-04-07T17:28:02.382Z] [INFO] [ApiClient287151462] : "User-Agent : Mozilla/5.0"
[2025-04-07T17:28:02.382Z] [INFO] [ApiClient287151462] : "************************  LOGGING END  ************************"
[2025-04-07T17:50:46.831Z] [INFO] [MerchantConfig788018231] : "************************ LOGGING START ************************"
[2025-04-07T17:50:46.836Z] [INFO] [ApiClient712071902] : "Authentication Type : http_signature"
[2025-04-07T17:50:46.836Z] [INFO] [ApiClient712071902] : "Request Type : POST"
[2025-04-07T17:50:46.836Z] [INFO] [ApiClient712071902] : "signatureHeader : keyid=\"b0080e77-aeb0-4fe0-a00a-62fb2f7e4f91\", algorithm=\"HmacSHA256\", headers=\"host date request-target digest v-c-merchant-id\", signature=\"anUaQILId+5bsUK3DiHDhkahg7gCPIsQQ3r9p7tbtMY=\""
[2025-04-07T17:50:46.837Z] [INFO] [ApiClient712071902] : "digest : SHA-256=d/vo1CXjwrFjjafUgjbNSnl5yirte1Ym6mHIuNPhiqk="
[2025-04-07T17:50:46.837Z] [INFO] [ApiClient712071902] : "v-c-merchant-id : db98954"
[2025-04-07T17:50:46.837Z] [INFO] [ApiClient712071902] : "date : Mon, 07 Apr 2025 17:50:46 GMT"
[2025-04-07T17:50:46.837Z] [INFO] [ApiClient712071902] : "host : api.cybersource.com"
[2025-04-07T17:50:46.837Z] [INFO] [ApiClient712071902] : "signature : keyid=\"b0080e77-aeb0-4fe0-a00a-62fb2f7e4f91\", algorithm=\"HmacSHA256\", headers=\"host date request-target digest v-c-merchant-id\", signature=\"anUaQILId+5bsUK3DiHDhkahg7gCPIsQQ3r9p7tbtMY=\""
[2025-04-07T17:50:46.838Z] [INFO] [ApiClient712071902] : "User-Agent : Mozilla/5.0"
[2025-04-07T17:50:46.838Z] [INFO] [ApiClient712071902] : "************************  LOGGING END  ************************"
[2025-04-07T18:05:52.133Z] [INFO] [MerchantConfig982851174] : "************************ LOGGING START ************************"
[2025-04-07T18:05:52.143Z] [INFO] [ApiClient816103963] : "Authentication Type : http_signature"
[2025-04-07T18:05:52.144Z] [INFO] [ApiClient816103963] : "Request Type : GET"
[2025-04-07T18:05:52.145Z] [INFO] [ApiClient816103963] : "signatureHeader : keyid=\"b0080e77-aeb0-4fe0-a00a-62fb2f7e4f91\", algorithm=\"HmacSHA256\", headers=\"host date request-target v-c-merchant-id\", signature=\"Qac8ungjYU4cb3B25OmrxIJBx9v4T+0YSdmiI7twDyg=\""
[2025-04-07T18:05:52.145Z] [INFO] [ApiClient816103963] : "v-c-merchant-id : db98954"
[2025-04-07T18:05:52.146Z] [INFO] [ApiClient816103963] : "date : Mon, 07 Apr 2025 18:05:52 GMT"
[2025-04-07T18:05:52.146Z] [INFO] [ApiClient816103963] : "host : api.cybersource.com"
[2025-04-07T18:05:52.146Z] [INFO] [ApiClient816103963] : "signature : keyid=\"b0080e77-aeb0-4fe0-a00a-62fb2f7e4f91\", algorithm=\"HmacSHA256\", headers=\"host date request-target v-c-merchant-id\", signature=\"Qac8ungjYU4cb3B25OmrxIJBx9v4T+0YSdmiI7twDyg=\""
[2025-04-07T18:05:52.147Z] [INFO] [ApiClient816103963] : "User-Agent : Mozilla/5.0"
[2025-04-07T18:05:52.147Z] [INFO] [ApiClient816103963] : "************************  LOGGING END  ************************"
[2025-04-07T18:08:34.536Z] [INFO] [MerchantConfig430640201] : "************************ LOGGING START ************************"
[2025-04-07T18:08:34.541Z] [INFO] [ApiClient966650062] : "Authentication Type : http_signature"
[2025-04-07T18:08:34.541Z] [INFO] [ApiClient966650062] : "Request Type : GET"
[2025-04-07T18:08:34.542Z] [INFO] [ApiClient966650062] : "signatureHeader : keyid=\"b0080e77-aeb0-4fe0-a00a-62fb2f7e4f91\", algorithm=\"HmacSHA256\", headers=\"host date request-target v-c-merchant-id\", signature=\"UrdPeWYUllbGvNhVlFiGF0PD/xhwWPCSq5u7g/Ex3hc=\""
[2025-04-07T18:08:34.542Z] [INFO] [ApiClient966650062] : "v-c-merchant-id : db98954"
[2025-04-07T18:08:34.543Z] [INFO] [ApiClient966650062] : "date : Mon, 07 Apr 2025 18:08:34 GMT"
[2025-04-07T18:08:34.543Z] [INFO] [ApiClient966650062] : "host : api.cybersource.com"
[2025-04-07T18:08:34.543Z] [INFO] [ApiClient966650062] : "signature : keyid=\"b0080e77-aeb0-4fe0-a00a-62fb2f7e4f91\", algorithm=\"HmacSHA256\", headers=\"host date request-target v-c-merchant-id\", signature=\"UrdPeWYUllbGvNhVlFiGF0PD/xhwWPCSq5u7g/Ex3hc=\""
[2025-04-07T18:08:34.543Z] [INFO] [ApiClient966650062] : "User-Agent : Mozilla/5.0"
[2025-04-07T18:08:34.543Z] [INFO] [ApiClient966650062] : "************************  LOGGING END  ************************"
[2025-04-07T18:09:07.667Z] [INFO] [MerchantConfig22994841] : "************************ LOGGING START ************************"
[2025-04-07T18:09:07.672Z] [INFO] [ApiClient25258918] : "Authentication Type : http_signature"
[2025-04-07T18:09:07.672Z] [INFO] [ApiClient25258918] : "Request Type : GET"
[2025-04-07T18:09:07.672Z] [INFO] [ApiClient25258918] : "signatureHeader : keyid=\"b0080e77-aeb0-4fe0-a00a-62fb2f7e4f91\", algorithm=\"HmacSHA256\", headers=\"host date request-target v-c-merchant-id\", signature=\"ASR/QqxVk1SKLhyZP61Ox7K+Y0mkycinocM6ynBhFqg=\""
[2025-04-07T18:09:07.673Z] [INFO] [ApiClient25258918] : "v-c-merchant-id : db98954"
[2025-04-07T18:09:07.673Z] [INFO] [ApiClient25258918] : "date : Mon, 07 Apr 2025 18:09:07 GMT"
[2025-04-07T18:09:07.673Z] [INFO] [ApiClient25258918] : "host : api.cybersource.com"
[2025-04-07T18:09:07.673Z] [INFO] [ApiClient25258918] : "signature : keyid=\"b0080e77-aeb0-4fe0-a00a-62fb2f7e4f91\", algorithm=\"HmacSHA256\", headers=\"host date request-target v-c-merchant-id\", signature=\"ASR/QqxVk1SKLhyZP61Ox7K+Y0mkycinocM6ynBhFqg=\""
[2025-04-07T18:09:07.673Z] [INFO] [ApiClient25258918] : "User-Agent : Mozilla/5.0"
[2025-04-07T18:09:07.673Z] [INFO] [ApiClient25258918] : "************************  LOGGING END  ************************"
[2025-04-07T18:10:29.854Z] [INFO] [MerchantConfig167900645] : "************************ LOGGING START ************************"
[2025-04-07T18:10:29.856Z] [INFO] [ApiClient231483631] : "Authentication Type : http_signature"
[2025-04-07T18:10:29.856Z] [INFO] [ApiClient231483631] : "Request Type : GET"
[2025-04-07T18:10:29.857Z] [INFO] [ApiClient231483631] : "signatureHeader : keyid=\"b0080e77-aeb0-4fe0-a00a-62fb2f7e4f91\", algorithm=\"HmacSHA256\", headers=\"host date request-target v-c-merchant-id\", signature=\"qvp8lDbNbx79OZn0Bw3lXHkYY42Nmq1XHtiOL6Gy1bY=\""
[2025-04-07T18:10:29.857Z] [INFO] [ApiClient231483631] : "v-c-merchant-id : db98954"
[2025-04-07T18:10:29.857Z] [INFO] [ApiClient231483631] : "date : Mon, 07 Apr 2025 18:10:29 GMT"
[2025-04-07T18:10:29.857Z] [INFO] [ApiClient231483631] : "host : api.cybersource.com"
[2025-04-07T18:10:29.858Z] [INFO] [ApiClient231483631] : "signature : keyid=\"b0080e77-aeb0-4fe0-a00a-62fb2f7e4f91\", algorithm=\"HmacSHA256\", headers=\"host date request-target v-c-merchant-id\", signature=\"qvp8lDbNbx79OZn0Bw3lXHkYY42Nmq1XHtiOL6Gy1bY=\""
[2025-04-07T18:10:29.858Z] [INFO] [ApiClient231483631] : "User-Agent : Mozilla/5.0"
[2025-04-07T18:10:29.858Z] [INFO] [ApiClient231483631] : "************************  LOGGING END  ************************"
[2025-04-07T18:37:09.245Z] [INFO] [MerchantConfig395182416] : "************************ LOGGING START ************************"
[2025-04-07T18:37:09.247Z] [INFO] [ApiClient849010727] : "Authentication Type : http_signature"
[2025-04-07T18:37:09.247Z] [INFO] [ApiClient849010727] : "Request Type : GET"
[2025-04-07T18:37:09.248Z] [INFO] [ApiClient849010727] : "signatureHeader : keyid=\"b0080e77-aeb0-4fe0-a00a-62fb2f7e4f91\", algorithm=\"HmacSHA256\", headers=\"host date request-target v-c-merchant-id\", signature=\"CeE79UhK/wvhZ1w7hoRRmORgoAuipQetnvubkzCWFLw=\""
[2025-04-07T18:37:09.248Z] [INFO] [ApiClient849010727] : "v-c-merchant-id : db98954"
[2025-04-07T18:37:09.248Z] [INFO] [ApiClient849010727] : "date : Mon, 07 Apr 2025 18:37:09 GMT"
[2025-04-07T18:37:09.248Z] [INFO] [ApiClient849010727] : "host : api.cybersource.com"
[2025-04-07T18:37:09.249Z] [INFO] [ApiClient849010727] : "signature : keyid=\"b0080e77-aeb0-4fe0-a00a-62fb2f7e4f91\", algorithm=\"HmacSHA256\", headers=\"host date request-target v-c-merchant-id\", signature=\"CeE79UhK/wvhZ1w7hoRRmORgoAuipQetnvubkzCWFLw=\""
[2025-04-07T18:37:09.249Z] [INFO] [ApiClient849010727] : "User-Agent : Mozilla/5.0"
[2025-04-07T18:37:09.249Z] [INFO] [ApiClient849010727] : "************************  LOGGING END  ************************"
[2025-04-07T18:42:02.577Z] [INFO] [MerchantConfig195687194] : "************************ LOGGING START ************************"
[2025-04-07T18:42:02.580Z] [INFO] [ApiClient268173482] : "Authentication Type : http_signature"
[2025-04-07T18:42:02.580Z] [INFO] [ApiClient268173482] : "Request Type : GET"
[2025-04-07T18:42:02.581Z] [INFO] [ApiClient268173482] : "signatureHeader : keyid=\"b0080e77-aeb0-4fe0-a00a-62fb2f7e4f91\", algorithm=\"HmacSHA256\", headers=\"host date request-target v-c-merchant-id\", signature=\"PMGmzjUqGx3By3qC7SKnSHEz/3eodkPvDvLNzNiiN1U=\""
[2025-04-07T18:42:02.581Z] [INFO] [ApiClient268173482] : "v-c-merchant-id : db98954"
[2025-04-07T18:42:02.582Z] [INFO] [ApiClient268173482] : "date : Mon, 07 Apr 2025 18:42:02 GMT"
[2025-04-07T18:42:02.582Z] [INFO] [ApiClient268173482] : "host : api.cybersource.com"
[2025-04-07T18:42:02.583Z] [INFO] [ApiClient268173482] : "signature : keyid=\"b0080e77-aeb0-4fe0-a00a-62fb2f7e4f91\", algorithm=\"HmacSHA256\", headers=\"host date request-target v-c-merchant-id\", signature=\"PMGmzjUqGx3By3qC7SKnSHEz/3eodkPvDvLNzNiiN1U=\""
[2025-04-07T18:42:02.583Z] [INFO] [ApiClient268173482] : "User-Agent : Mozilla/5.0"
[2025-04-07T18:42:02.584Z] [INFO] [ApiClient268173482] : "************************  LOGGING END  ************************"
[2025-04-07T18:42:58.807Z] [INFO] [ApiClient389841710] : "Authentication Type : http_signature"
[2025-04-07T18:42:58.807Z] [INFO] [ApiClient389841710] : "Request Type : GET"
[2025-04-07T18:42:58.807Z] [INFO] [ApiClient389841710] : "signatureHeader : keyid=\"b0080e77-aeb0-4fe0-a00a-62fb2f7e4f91\", algorithm=\"HmacSHA256\", headers=\"host date request-target v-c-merchant-id\", signature=\"CZZkFAcdAd3lsTWaxc054xC1wx+IeQK14guq32y7vBI=\""
[2025-04-07T18:42:58.807Z] [INFO] [ApiClient389841710] : "v-c-merchant-id : db98954"
[2025-04-07T18:42:58.803Z] [INFO] [MerchantConfig878838622] : "************************ LOGGING START ************************"
[2025-04-07T18:42:58.807Z] [INFO] [ApiClient389841710] : "date : Mon, 07 Apr 2025 18:42:58 GMT"
[2025-04-07T18:42:58.807Z] [INFO] [ApiClient389841710] : "host : api.cybersource.com"
[2025-04-07T18:42:58.808Z] [INFO] [ApiClient389841710] : "signature : keyid=\"b0080e77-aeb0-4fe0-a00a-62fb2f7e4f91\", algorithm=\"HmacSHA256\", headers=\"host date request-target v-c-merchant-id\", signature=\"CZZkFAcdAd3lsTWaxc054xC1wx+IeQK14guq32y7vBI=\""
[2025-04-07T18:42:58.808Z] [INFO] [ApiClient389841710] : "User-Agent : Mozilla/5.0"
[2025-04-07T18:42:58.808Z] [INFO] [ApiClient389841710] : "************************  LOGGING END  ************************"
[2025-04-07T18:48:10.286Z] [INFO] [MerchantConfig501535944] : "************************ LOGGING START ************************"
[2025-04-07T18:48:10.294Z] [INFO] [ApiClient732460209] : "Authentication Type : http_signature"
[2025-04-07T18:48:10.296Z] [INFO] [ApiClient732460209] : "Request Type : GET"
[2025-04-07T18:48:10.298Z] [INFO] [ApiClient732460209] : "signatureHeader : keyid=\"b0080e77-aeb0-4fe0-a00a-62fb2f7e4f91\", algorithm=\"HmacSHA256\", headers=\"host date request-target v-c-merchant-id\", signature=\"81KUwZq39Eo3A8qi+T7JqDI1hWqh208guLl2zvcL1hE=\""
[2025-04-07T18:48:10.298Z] [INFO] [ApiClient732460209] : "v-c-merchant-id : db98954"
[2025-04-07T18:48:10.298Z] [INFO] [ApiClient732460209] : "date : Mon, 07 Apr 2025 18:48:10 GMT"
[2025-04-07T18:48:10.298Z] [INFO] [ApiClient732460209] : "host : api.cybersource.com"
[2025-04-07T18:48:10.299Z] [INFO] [ApiClient732460209] : "signature : keyid=\"b0080e77-aeb0-4fe0-a00a-62fb2f7e4f91\", algorithm=\"HmacSHA256\", headers=\"host date request-target v-c-merchant-id\", signature=\"81KUwZq39Eo3A8qi+T7JqDI1hWqh208guLl2zvcL1hE=\""
[2025-04-07T18:48:10.299Z] [INFO] [ApiClient732460209] : "User-Agent : Mozilla/5.0"
[2025-04-07T18:48:10.299Z] [INFO] [ApiClient732460209] : "************************  LOGGING END  ************************"
[2025-04-07T18:48:48.953Z] [INFO] [MerchantConfig193666424] : "************************ LOGGING START ************************"
[2025-04-07T18:48:48.967Z] [INFO] [ApiClient80198930] : "Authentication Type : http_signature"
[2025-04-07T18:48:48.967Z] [INFO] [ApiClient80198930] : "Request Type : GET"
[2025-04-07T18:48:48.968Z] [INFO] [ApiClient80198930] : "signatureHeader : keyid=\"b0080e77-aeb0-4fe0-a00a-62fb2f7e4f91\", algorithm=\"HmacSHA256\", headers=\"host date request-target v-c-merchant-id\", signature=\"4jw5YYN+SmdKmq6cgVGm2DX/qBc8TFVz9S6rc8w6I48=\""
[2025-04-07T18:48:48.970Z] [INFO] [ApiClient80198930] : "v-c-merchant-id : db98954"
[2025-04-07T18:48:48.970Z] [INFO] [ApiClient80198930] : "date : Mon, 07 Apr 2025 18:48:48 GMT"
[2025-04-07T18:48:48.970Z] [INFO] [ApiClient80198930] : "host : api.cybersource.com"
[2025-04-07T18:48:48.971Z] [INFO] [ApiClient80198930] : "signature : keyid=\"b0080e77-aeb0-4fe0-a00a-62fb2f7e4f91\", algorithm=\"HmacSHA256\", headers=\"host date request-target v-c-merchant-id\", signature=\"4jw5YYN+SmdKmq6cgVGm2DX/qBc8TFVz9S6rc8w6I48=\""
[2025-04-07T18:48:48.972Z] [INFO] [ApiClient80198930] : "User-Agent : Mozilla/5.0"
[2025-04-07T18:48:48.972Z] [INFO] [ApiClient80198930] : "************************  LOGGING END  ************************"
[2025-04-07T18:49:05.862Z] [INFO] [MerchantConfig212214081] : "************************ LOGGING START ************************"
[2025-04-07T18:49:05.865Z] [INFO] [ApiClient577900415] : "Authentication Type : http_signature"
[2025-04-07T18:49:05.865Z] [INFO] [ApiClient577900415] : "Request Type : GET"
[2025-04-07T18:49:05.865Z] [INFO] [ApiClient577900415] : "signatureHeader : keyid=\"b0080e77-aeb0-4fe0-a00a-62fb2f7e4f91\", algorithm=\"HmacSHA256\", headers=\"host date request-target v-c-merchant-id\", signature=\"F1JABYjqvlflXsW0eVCiJ/KsyvWL7hAZP1/3B47AvTo=\""
[2025-04-07T18:49:05.866Z] [INFO] [ApiClient577900415] : "v-c-merchant-id : db98954"
[2025-04-07T18:49:05.866Z] [INFO] [ApiClient577900415] : "date : Mon, 07 Apr 2025 18:49:05 GMT"
[2025-04-07T18:49:05.866Z] [INFO] [ApiClient577900415] : "host : api.cybersource.com"
[2025-04-07T18:49:05.866Z] [INFO] [ApiClient577900415] : "signature : keyid=\"b0080e77-aeb0-4fe0-a00a-62fb2f7e4f91\", algorithm=\"HmacSHA256\", headers=\"host date request-target v-c-merchant-id\", signature=\"F1JABYjqvlflXsW0eVCiJ/KsyvWL7hAZP1/3B47AvTo=\""
[2025-04-07T18:49:05.866Z] [INFO] [ApiClient577900415] : "User-Agent : Mozilla/5.0"
[2025-04-07T18:49:05.866Z] [INFO] [ApiClient577900415] : "************************  LOGGING END  ************************"
[2025-04-07T18:52:08.878Z] [INFO] [ApiClient967576990] : "Authentication Type : http_signature"
[2025-04-07T18:52:08.879Z] [INFO] [ApiClient967576990] : "Request Type : GET"
[2025-04-07T18:52:08.879Z] [INFO] [ApiClient967576990] : "signatureHeader : keyid=\"b0080e77-aeb0-4fe0-a00a-62fb2f7e4f91\", algorithm=\"HmacSHA256\", headers=\"host date request-target v-c-merchant-id\", signature=\"M1smAdX+Grhh1xUqXBgjRWKh/E39M0hPUI8Xnu+U0js=\""
[2025-04-07T18:52:08.879Z] [INFO] [ApiClient967576990] : "v-c-merchant-id : db98954"
[2025-04-07T18:52:08.879Z] [INFO] [ApiClient967576990] : "date : Mon, 07 Apr 2025 18:52:08 GMT"
[2025-04-07T18:52:08.879Z] [INFO] [ApiClient967576990] : "host : api.cybersource.com"
[2025-04-07T18:52:08.879Z] [INFO] [ApiClient967576990] : "signature : keyid=\"b0080e77-aeb0-4fe0-a00a-62fb2f7e4f91\", algorithm=\"HmacSHA256\", headers=\"host date request-target v-c-merchant-id\", signature=\"M1smAdX+Grhh1xUqXBgjRWKh/E39M0hPUI8Xnu+U0js=\""
[2025-04-07T18:52:08.879Z] [INFO] [ApiClient967576990] : "User-Agent : Mozilla/5.0"
[2025-04-07T18:52:08.879Z] [INFO] [ApiClient967576990] : "************************  LOGGING END  ************************"
[2025-04-07T18:52:08.877Z] [INFO] [MerchantConfig409506118] : "************************ LOGGING START ************************"
[2025-04-07T18:58:22.558Z] [INFO] [MerchantConfig609795373] : "************************ LOGGING START ************************"
[2025-04-07T18:58:22.559Z] [INFO] [ApiClient497393310] : "Authentication Type : http_signature"
[2025-04-07T18:58:22.560Z] [INFO] [ApiClient497393310] : "Request Type : GET"
[2025-04-07T18:58:22.560Z] [INFO] [ApiClient497393310] : "signatureHeader : keyid=\"b0080e77-aeb0-4fe0-a00a-62fb2f7e4f91\", algorithm=\"HmacSHA256\", headers=\"host date request-target v-c-merchant-id\", signature=\"1sCWZgfy5ScO00/NF+HD5D0fgQBE/nqc8dht5xRYacE=\""
[2025-04-07T18:58:22.560Z] [INFO] [ApiClient497393310] : "v-c-merchant-id : db98954"
[2025-04-07T18:58:22.560Z] [INFO] [ApiClient497393310] : "date : Mon, 07 Apr 2025 18:58:22 GMT"
[2025-04-07T18:58:22.560Z] [INFO] [ApiClient497393310] : "host : api.cybersource.com"
[2025-04-07T18:58:22.560Z] [INFO] [ApiClient497393310] : "signature : keyid=\"b0080e77-aeb0-4fe0-a00a-62fb2f7e4f91\", algorithm=\"HmacSHA256\", headers=\"host date request-target v-c-merchant-id\", signature=\"1sCWZgfy5ScO00/NF+HD5D0fgQBE/nqc8dht5xRYacE=\""
[2025-04-07T18:58:22.560Z] [INFO] [ApiClient497393310] : "User-Agent : Mozilla/5.0"
[2025-04-07T18:58:22.560Z] [INFO] [ApiClient497393310] : "************************  LOGGING END  ************************"
[2025-04-07T19:02:01.407Z] [INFO] [MerchantConfig603651382] : "************************ LOGGING START ************************"
[2025-04-07T19:02:01.414Z] [INFO] [ApiClient696012807] : "Authentication Type : http_signature"
[2025-04-07T19:02:01.414Z] [INFO] [ApiClient696012807] : "Request Type : GET"
[2025-04-07T19:02:01.415Z] [INFO] [ApiClient696012807] : "signatureHeader : keyid=\"b0080e77-aeb0-4fe0-a00a-62fb2f7e4f91\", algorithm=\"HmacSHA256\", headers=\"host date request-target v-c-merchant-id\", signature=\"iut38aquuTYNbNt1MSZ5XUSpHegpZG5WhRgwPKomcK4=\""
[2025-04-07T19:02:01.415Z] [INFO] [ApiClient696012807] : "v-c-merchant-id : db98954"
[2025-04-07T19:02:01.416Z] [INFO] [ApiClient696012807] : "date : Mon, 07 Apr 2025 19:02:01 GMT"
[2025-04-07T19:02:01.416Z] [INFO] [ApiClient696012807] : "host : api.cybersource.com"
[2025-04-07T19:02:01.416Z] [INFO] [ApiClient696012807] : "signature : keyid=\"b0080e77-aeb0-4fe0-a00a-62fb2f7e4f91\", algorithm=\"HmacSHA256\", headers=\"host date request-target v-c-merchant-id\", signature=\"iut38aquuTYNbNt1MSZ5XUSpHegpZG5WhRgwPKomcK4=\""
[2025-04-07T19:02:01.416Z] [INFO] [ApiClient696012807] : "User-Agent : Mozilla/5.0"
[2025-04-07T19:02:01.416Z] [INFO] [ApiClient696012807] : "************************  LOGGING END  ************************"
[2025-04-07T19:09:02.278Z] [INFO] [MerchantConfig42629312] : "************************ LOGGING START ************************"
[2025-04-07T19:10:28.100Z] [INFO] [MerchantConfig566730441] : "************************ LOGGING START ************************"
[2025-04-07T19:10:31.169Z] [INFO] [MerchantConfig998656312] : "************************ LOGGING START ************************"
[2025-04-07T19:10:59.300Z] [INFO] [MerchantConfig664811080] : "************************ LOGGING START ************************"
[2025-04-07T19:11:13.673Z] [INFO] [MerchantConfig754910712] : "************************ LOGGING START ************************"
[2025-04-07T19:11:45.589Z] [INFO] [MerchantConfig639434565] : "************************ LOGGING START ************************"
[2025-04-07T19:13:30.692Z] [INFO] [ApiClient459755742] : "Authentication Type : http_signature"
[2025-04-07T19:13:30.692Z] [INFO] [ApiClient459755742] : "Request Type : GET"
[2025-04-07T19:13:30.694Z] [INFO] [ApiClient459755742] : "signatureHeader : keyid=\"b0080e77-aeb0-4fe0-a00a-62fb2f7e4f91\", algorithm=\"HmacSHA256\", headers=\"host date request-target v-c-merchant-id\", signature=\"FzltyZ7MMZ3CX0sjVeHSBvqxTuD9cMNFlUuixI+8M5k=\""
[2025-04-07T19:13:30.694Z] [INFO] [ApiClient459755742] : "v-c-merchant-id : db98954"
[2025-04-07T19:13:30.694Z] [INFO] [ApiClient459755742] : "date : Mon, 07 Apr 2025 19:13:30 GMT"
[2025-04-07T19:13:30.694Z] [INFO] [ApiClient459755742] : "host : api.cybersource.com"
[2025-04-07T19:13:30.695Z] [INFO] [ApiClient459755742] : "signature : keyid=\"b0080e77-aeb0-4fe0-a00a-62fb2f7e4f91\", algorithm=\"HmacSHA256\", headers=\"host date request-target v-c-merchant-id\", signature=\"FzltyZ7MMZ3CX0sjVeHSBvqxTuD9cMNFlUuixI+8M5k=\""
[2025-04-07T19:13:30.695Z] [INFO] [ApiClient459755742] : "User-Agent : Mozilla/5.0"
[2025-04-07T19:13:30.688Z] [INFO] [MerchantConfig632737187] : "************************ LOGGING START ************************"
[2025-04-07T19:13:30.695Z] [INFO] [ApiClient459755742] : "************************  LOGGING END  ************************"
[2025-04-07T19:13:56.174Z] [INFO] [MerchantConfig342653998] : "************************ LOGGING START ************************"
[2025-04-07T19:13:56.179Z] [INFO] [ApiClient104382034] : "Authentication Type : http_signature"
[2025-04-07T19:13:56.180Z] [INFO] [ApiClient104382034] : "Request Type : GET"
[2025-04-07T19:13:56.181Z] [INFO] [ApiClient104382034] : "signatureHeader : keyid=\"b0080e77-aeb0-4fe0-a00a-62fb2f7e4f91\", algorithm=\"HmacSHA256\", headers=\"host date request-target v-c-merchant-id\", signature=\"p4XUESQOzvklzMtIIQkw91yMa2pW8RBR5Kbvw+Sshyc=\""
[2025-04-07T19:13:56.181Z] [INFO] [ApiClient104382034] : "v-c-merchant-id : db98954"
[2025-04-07T19:13:56.181Z] [INFO] [ApiClient104382034] : "date : Mon, 07 Apr 2025 19:13:56 GMT"
[2025-04-07T19:13:56.181Z] [INFO] [ApiClient104382034] : "host : api.cybersource.com"
[2025-04-07T19:13:56.181Z] [INFO] [ApiClient104382034] : "signature : keyid=\"b0080e77-aeb0-4fe0-a00a-62fb2f7e4f91\", algorithm=\"HmacSHA256\", headers=\"host date request-target v-c-merchant-id\", signature=\"p4XUESQOzvklzMtIIQkw91yMa2pW8RBR5Kbvw+Sshyc=\""
[2025-04-07T19:13:56.182Z] [INFO] [ApiClient104382034] : "User-Agent : Mozilla/5.0"
[2025-04-07T19:13:56.182Z] [INFO] [ApiClient104382034] : "************************  LOGGING END  ************************"
[2025-04-07T19:14:04.384Z] [INFO] [ApiClient788594781] : "Authentication Type : http_signature"
[2025-04-07T19:14:04.384Z] [INFO] [ApiClient788594781] : "Request Type : GET"
[2025-04-07T19:14:04.384Z] [INFO] [ApiClient788594781] : "signatureHeader : keyid=\"b0080e77-aeb0-4fe0-a00a-62fb2f7e4f91\", algorithm=\"HmacSHA256\", headers=\"host date request-target v-c-merchant-id\", signature=\"cXQ4WDEi/S6MRD40JqwkIm57951q55oActZPwlSFiAQ=\""
[2025-04-07T19:14:04.384Z] [INFO] [ApiClient788594781] : "v-c-merchant-id : db98954"
[2025-04-07T19:14:04.384Z] [INFO] [ApiClient788594781] : "date : Mon, 07 Apr 2025 19:14:04 GMT"
[2025-04-07T19:14:04.384Z] [INFO] [ApiClient788594781] : "host : api.cybersource.com"
[2025-04-07T19:14:04.384Z] [INFO] [ApiClient788594781] : "signature : keyid=\"b0080e77-aeb0-4fe0-a00a-62fb2f7e4f91\", algorithm=\"HmacSHA256\", headers=\"host date request-target v-c-merchant-id\", signature=\"cXQ4WDEi/S6MRD40JqwkIm57951q55oActZPwlSFiAQ=\""
[2025-04-07T19:14:04.384Z] [INFO] [ApiClient788594781] : "User-Agent : Mozilla/5.0"
[2025-04-07T19:14:04.384Z] [INFO] [ApiClient788594781] : "************************  LOGGING END  ************************"
[2025-04-07T19:14:04.383Z] [INFO] [MerchantConfig611299413] : "************************ LOGGING START ************************"
[2025-04-07T19:23:42.804Z] [INFO] [MerchantConfig742138417] : "************************ LOGGING START ************************"
[2025-04-07T19:23:56.568Z] [INFO] [ApiClient229067185] : "Authentication Type : http_signature"
[2025-04-07T19:23:56.569Z] [INFO] [ApiClient229067185] : "Request Type : GET"
[2025-04-07T19:23:56.569Z] [INFO] [ApiClient229067185] : "signatureHeader : keyid=\"b0080e77-aeb0-4fe0-a00a-62fb2f7e4f91\", algorithm=\"HmacSHA256\", headers=\"host date request-target v-c-merchant-id\", signature=\"7/yBt3NJxxD3/Gh2lgB8UVIPDv/eFpEm/7aj42cDKLY=\""
[2025-04-07T19:23:56.569Z] [INFO] [ApiClient229067185] : "v-c-merchant-id : db98954"
[2025-04-07T19:23:56.569Z] [INFO] [ApiClient229067185] : "date : Mon, 07 Apr 2025 19:23:56 GMT"
[2025-04-07T19:23:56.569Z] [INFO] [ApiClient229067185] : "host : api.cybersource.com"
[2025-04-07T19:23:56.569Z] [INFO] [ApiClient229067185] : "signature : keyid=\"b0080e77-aeb0-4fe0-a00a-62fb2f7e4f91\", algorithm=\"HmacSHA256\", headers=\"host date request-target v-c-merchant-id\", signature=\"7/yBt3NJxxD3/Gh2lgB8UVIPDv/eFpEm/7aj42cDKLY=\""
[2025-04-07T19:23:56.570Z] [INFO] [ApiClient229067185] : "User-Agent : Mozilla/5.0"
[2025-04-07T19:23:56.570Z] [INFO] [ApiClient229067185] : "************************  LOGGING END  ************************"
[2025-04-07T19:23:56.566Z] [INFO] [MerchantConfig126070785] : "************************ LOGGING START ************************"
[2025-04-07T19:24:15.070Z] [INFO] [MerchantConfig33740625] : "************************ LOGGING START ************************"
[2025-04-07T19:24:32.375Z] [INFO] [MerchantConfig420490855] : "************************ LOGGING START ************************"
[2025-04-07T19:24:39.570Z] [INFO] [MerchantConfig581858726] : "************************ LOGGING START ************************"
[2025-04-07T19:24:39.571Z] [INFO] [ApiClient890027639] : "Authentication Type : http_signature"
[2025-04-07T19:24:39.571Z] [INFO] [ApiClient890027639] : "Request Type : GET"
[2025-04-07T19:24:39.572Z] [INFO] [ApiClient890027639] : "signatureHeader : keyid=\"b0080e77-aeb0-4fe0-a00a-62fb2f7e4f91\", algorithm=\"HmacSHA256\", headers=\"host date request-target v-c-merchant-id\", signature=\"hb55kbbzu3tW2nSR3xLCb/UZfA427rGuYa+ANe2Evc4=\""
[2025-04-07T19:24:39.572Z] [INFO] [ApiClient890027639] : "v-c-merchant-id : db98954"
[2025-04-07T19:24:39.572Z] [INFO] [ApiClient890027639] : "date : Mon, 07 Apr 2025 19:24:39 GMT"
[2025-04-07T19:24:39.572Z] [INFO] [ApiClient890027639] : "host : api.cybersource.com"
[2025-04-07T19:24:39.572Z] [INFO] [ApiClient890027639] : "signature : keyid=\"b0080e77-aeb0-4fe0-a00a-62fb2f7e4f91\", algorithm=\"HmacSHA256\", headers=\"host date request-target v-c-merchant-id\", signature=\"hb55kbbzu3tW2nSR3xLCb/UZfA427rGuYa+ANe2Evc4=\""
[2025-04-07T19:24:39.572Z] [INFO] [ApiClient890027639] : "User-Agent : Mozilla/5.0"
[2025-04-07T19:24:39.572Z] [INFO] [ApiClient890027639] : "************************  LOGGING END  ************************"
[2025-04-07T19:31:13.245Z] [INFO] [MerchantConfig193890208] : "************************ LOGGING START ************************"
[2025-04-07T19:31:13.247Z] [INFO] [ApiClient447482120] : "Authentication Type : http_signature"
[2025-04-07T19:31:13.247Z] [INFO] [ApiClient447482120] : "Request Type : GET"
[2025-04-07T19:31:13.247Z] [INFO] [ApiClient447482120] : "signatureHeader : keyid=\"b0080e77-aeb0-4fe0-a00a-62fb2f7e4f91\", algorithm=\"HmacSHA256\", headers=\"host date request-target v-c-merchant-id\", signature=\"Ss+BWMcCtTBP/Mm5PAAhNtjubDYgXoNFfGlVRdnEVPc=\""
[2025-04-07T19:31:13.247Z] [INFO] [ApiClient447482120] : "v-c-merchant-id : db98954"
[2025-04-07T19:31:13.247Z] [INFO] [ApiClient447482120] : "date : Mon, 07 Apr 2025 19:31:13 GMT"
[2025-04-07T19:31:13.247Z] [INFO] [ApiClient447482120] : "host : api.cybersource.com"
[2025-04-07T19:31:13.247Z] [INFO] [ApiClient447482120] : "signature : keyid=\"b0080e77-aeb0-4fe0-a00a-62fb2f7e4f91\", algorithm=\"HmacSHA256\", headers=\"host date request-target v-c-merchant-id\", signature=\"Ss+BWMcCtTBP/Mm5PAAhNtjubDYgXoNFfGlVRdnEVPc=\""
[2025-04-07T19:31:13.247Z] [INFO] [ApiClient447482120] : "User-Agent : Mozilla/5.0"
[2025-04-07T19:31:13.247Z] [INFO] [ApiClient447482120] : "************************  LOGGING END  ************************"
[2025-04-07T19:31:16.039Z] [INFO] [ApiClient376954949] : "Authentication Type : http_signature"
[2025-04-07T19:31:16.039Z] [INFO] [ApiClient376954949] : "Request Type : GET"
[2025-04-07T19:31:16.040Z] [INFO] [ApiClient376954949] : "signatureHeader : keyid=\"b0080e77-aeb0-4fe0-a00a-62fb2f7e4f91\", algorithm=\"HmacSHA256\", headers=\"host date request-target v-c-merchant-id\", signature=\"fbBfF/jB9D8ZKbCxUPnXeJDXr7DTyLo6o/+TOvrwDFo=\""
[2025-04-07T19:31:16.040Z] [INFO] [ApiClient376954949] : "v-c-merchant-id : db98954"
[2025-04-07T19:31:16.040Z] [INFO] [ApiClient376954949] : "date : Mon, 07 Apr 2025 19:31:16 GMT"
[2025-04-07T19:31:16.040Z] [INFO] [ApiClient376954949] : "host : api.cybersource.com"
[2025-04-07T19:31:16.040Z] [INFO] [ApiClient376954949] : "signature : keyid=\"b0080e77-aeb0-4fe0-a00a-62fb2f7e4f91\", algorithm=\"HmacSHA256\", headers=\"host date request-target v-c-merchant-id\", signature=\"fbBfF/jB9D8ZKbCxUPnXeJDXr7DTyLo6o/+TOvrwDFo=\""
[2025-04-07T19:31:16.040Z] [INFO] [ApiClient376954949] : "User-Agent : Mozilla/5.0"
[2025-04-07T19:31:16.034Z] [INFO] [MerchantConfig832559553] : "************************ LOGGING START ************************"
[2025-04-07T19:31:16.040Z] [INFO] [ApiClient376954949] : "************************  LOGGING END  ************************"
[2025-04-07T19:31:17.796Z] [INFO] [MerchantConfig549604845] : "************************ LOGGING START ************************"
[2025-04-07T19:31:17.797Z] [INFO] [ApiClient651319574] : "Authentication Type : http_signature"
[2025-04-07T19:31:17.797Z] [INFO] [ApiClient651319574] : "Request Type : GET"
[2025-04-07T19:31:17.797Z] [INFO] [ApiClient651319574] : "signatureHeader : keyid=\"b0080e77-aeb0-4fe0-a00a-62fb2f7e4f91\", algorithm=\"HmacSHA256\", headers=\"host date request-target v-c-merchant-id\", signature=\"CcEhFKWXtsjUoN+QWPYCop1fZMW+ZMHtKMteiySVcc4=\""
[2025-04-07T19:31:17.797Z] [INFO] [ApiClient651319574] : "v-c-merchant-id : db98954"
[2025-04-07T19:31:17.797Z] [INFO] [ApiClient651319574] : "date : Mon, 07 Apr 2025 19:31:17 GMT"
[2025-04-07T19:31:17.797Z] [INFO] [ApiClient651319574] : "host : api.cybersource.com"
[2025-04-07T19:31:17.797Z] [INFO] [ApiClient651319574] : "signature : keyid=\"b0080e77-aeb0-4fe0-a00a-62fb2f7e4f91\", algorithm=\"HmacSHA256\", headers=\"host date request-target v-c-merchant-id\", signature=\"CcEhFKWXtsjUoN+QWPYCop1fZMW+ZMHtKMteiySVcc4=\""
[2025-04-07T19:31:17.798Z] [INFO] [ApiClient651319574] : "User-Agent : Mozilla/5.0"
[2025-04-07T19:31:17.798Z] [INFO] [ApiClient651319574] : "************************  LOGGING END  ************************"
[2025-04-07T20:17:22.385Z] [INFO] [MerchantConfig916625206] : "************************ LOGGING START ************************"
[2025-04-07T20:17:22.390Z] [INFO] [ApiClient348018215] : "Authentication Type : http_signature"
[2025-04-07T20:17:22.391Z] [INFO] [ApiClient348018215] : "Request Type : POST"
[2025-04-07T20:17:22.393Z] [INFO] [ApiClient348018215] : "signatureHeader : keyid=\"b0080e77-aeb0-4fe0-a00a-62fb2f7e4f91\", algorithm=\"HmacSHA256\", headers=\"host date request-target digest v-c-merchant-id\", signature=\"QNjSflsxxWFjwsIIVweD8TcJnq/yLKUqgs+fWvrkVQE=\""
[2025-04-07T20:17:22.395Z] [INFO] [ApiClient348018215] : "digest : SHA-256=d/vo1CXjwrFjjafUgjbNSnl5yirte1Ym6mHIuNPhiqk="
[2025-04-07T20:17:22.395Z] [INFO] [ApiClient348018215] : "v-c-merchant-id : db98954"
[2025-04-07T20:17:22.395Z] [INFO] [ApiClient348018215] : "date : Mon, 07 Apr 2025 20:17:22 GMT"
[2025-04-07T20:17:22.396Z] [INFO] [ApiClient348018215] : "host : api.cybersource.com"
[2025-04-07T20:17:22.396Z] [INFO] [ApiClient348018215] : "signature : keyid=\"b0080e77-aeb0-4fe0-a00a-62fb2f7e4f91\", algorithm=\"HmacSHA256\", headers=\"host date request-target digest v-c-merchant-id\", signature=\"QNjSflsxxWFjwsIIVweD8TcJnq/yLKUqgs+fWvrkVQE=\""
[2025-04-07T20:17:22.396Z] [INFO] [ApiClient348018215] : "User-Agent : Mozilla/5.0"
[2025-04-07T20:17:22.396Z] [INFO] [ApiClient348018215] : "************************  LOGGING END  ************************"
[2025-04-07T20:17:57.128Z] [INFO] [MerchantConfig296298451] : "************************ LOGGING START ************************"
[2025-04-07T20:17:57.129Z] [INFO] [ApiClient97808456] : "Authentication Type : http_signature"
[2025-04-07T20:17:57.129Z] [INFO] [ApiClient97808456] : "Request Type : POST"
[2025-04-07T20:17:57.129Z] [INFO] [ApiClient97808456] : "signatureHeader : keyid=\"b0080e77-aeb0-4fe0-a00a-62fb2f7e4f91\", algorithm=\"HmacSHA256\", headers=\"host date request-target digest v-c-merchant-id\", signature=\"i7165BS7/YaiMTxtkTDu2WIn1Ol5UO5ScpSDANvwgc8=\""
[2025-04-07T20:17:57.129Z] [INFO] [ApiClient97808456] : "digest : SHA-256=bozS33g/VzeanDJEXiBjdlTeXeuFDpbrslw3vwUMLsY="
[2025-04-07T20:17:57.130Z] [INFO] [ApiClient97808456] : "v-c-merchant-id : db98954"
[2025-04-07T20:17:57.130Z] [INFO] [ApiClient97808456] : "date : Mon, 07 Apr 2025 20:17:57 GMT"
[2025-04-07T20:17:57.130Z] [INFO] [ApiClient97808456] : "host : api.cybersource.com"
[2025-04-07T20:17:57.130Z] [INFO] [ApiClient97808456] : "signature : keyid=\"b0080e77-aeb0-4fe0-a00a-62fb2f7e4f91\", algorithm=\"HmacSHA256\", headers=\"host date request-target digest v-c-merchant-id\", signature=\"i7165BS7/YaiMTxtkTDu2WIn1Ol5UO5ScpSDANvwgc8=\""
[2025-04-07T20:17:57.130Z] [INFO] [ApiClient97808456] : "User-Agent : Mozilla/5.0"
[2025-04-07T20:17:57.130Z] [INFO] [ApiClient97808456] : "************************  LOGGING END  ************************"
